2023.09.13 11:10:12 INFO  Started: Metals version 1.0.1 in folders 'C:\vs code\Scala' for client Visual Studio Code 1.82.0.
Sep 13, 2023 11:10:12 AM org.flywaydb.core.internal.license.VersionPrinter printVersionOnly
INFO: Flyway Community Edition 9.21.2 by Redgate
Sep 13, 2023 11:10:12 AM org.flywaydb.core.internal.license.VersionPrinter printVersion
INFO: See release notes here: https://rd.gt/416ObMi
Sep 13, 2023 11:10:12 AM org.flywaydb.core.internal.license.VersionPrinter printVersion
INFO: 
Sep 13, 2023 11:10:12 AM org.flywaydb.core.FlywayExecutor execute
INFO: Database: jdbc:h2:file:C:\vs code\Scala\.metals\metals (H2 2.1)
Sep 13, 2023 11:10:12 AM org.flywaydb.core.internal.schemahistory.JdbcTableSchemaHistory allAppliedMigrations
INFO: Schema history table "PUBLIC"."flyway_schema_history" does not exist yet
Sep 13, 2023 11:10:12 AM org.flywaydb.core.internal.command.DbValidate validate
INFO: Successfully validated 4 migrations (execution time 00:00.014s)
Sep 13, 2023 11:10:12 AM org.flywaydb.core.internal.schemahistory.JdbcTableSchemaHistory create
INFO: Creating Schema History table "PUBLIC"."flyway_schema_history" ...
Sep 13, 2023 11:10:13 AM org.flywaydb.core.internal.command.DbMigrate migrateGroup
INFO: Current version of schema "PUBLIC": << Empty Schema >>
Sep 13, 2023 11:10:13 AM org.flywaydb.core.internal.command.DbMigrate doMigrateGroup
INFO: Migrating schema "PUBLIC" to version "1 - Create tables"
Sep 13, 2023 11:10:13 AM org.flywaydb.core.internal.command.DbMigrate doMigrateGroup
INFO: Migrating schema "PUBLIC" to version "2 - Server discovery"
Sep 13, 2023 11:10:13 AM org.flywaydb.core.internal.command.DbMigrate doMigrateGroup
INFO: Migrating schema "PUBLIC" to version "3 - Jar symbols"
Sep 13, 2023 11:10:13 AM org.flywaydb.core.internal.command.DbMigrate doMigrateGroup
INFO: Migrating schema "PUBLIC" to version "4 - Fingerprints"
Sep 13, 2023 11:10:13 AM org.flywaydb.core.internal.command.DbMigrate logSummary
INFO: Successfully applied 4 migrations to schema "PUBLIC", now at version v4 (execution time 00:00.021s)
2023.09.13 11:10:13 INFO  time: initialize in 0.48s
2023.09.13 11:10:14 WARN  Build server is not auto-connectable.
2023.09.13 11:10:14 WARN  no build target for: C:\vs code\Scala\src\main\scala\lab0\Lists.scala
2023.09.13 11:10:19 INFO  running 'C:\Program Files\Java\jdk-17\bin\java.exe -Djline.terminal=jline.UnsupportedTerminal -Dsbt.log.noformat=true -Dfile.encoding=UTF-8 -jar C:\Users\miruh\AppData\Local\Temp\metals17691527816247026420\sbt-launch.jar -Dbloop.export-jar-classifiers=sources bloopInstall'
2023.09.13 11:10:19 ERROR [info] [launcher] getting org.scala-sbt sbt 1.7.1  (this may take some time)...
2023.09.13 11:10:31 INFO  no build target found for C:\vs code\Scala\src\main\scala\lab0\Lists.scala. Using presentation compiler with project's scala-library version: 3.3.0
2023.09.13 11:10:33 INFO  time: code lens generation in 18s
2023.09.13 11:10:51 ERROR [info] [launcher] getting Scala 2.12.16 (for sbt)...
2023.09.13 11:10:53 INFO  [info] welcome to sbt 1.7.1 (Oracle Corporation Java 17.0.8)
2023.09.13 11:10:55 INFO  [info] loading settings for project scala-build-build from metals.sbt ...
2023.09.13 11:10:55 INFO  [info] loading project definition from C:\vs code\Scala\project\project
2023.09.13 11:11:01 INFO  [info] loading settings for project scala-build from metals.sbt ...
2023.09.13 11:11:01 INFO  [info] loading project definition from C:\vs code\Scala\project
2023.09.13 11:11:10 INFO  [success] Generated .bloop\scala-build.json
2023.09.13 11:11:10 INFO  [success] Total time: 9 s, completed Sep 13, 2023, 11:11:10 AM
2023.09.13 11:11:12 INFO  [info] loading settings for project scala from build.sbt ...
2023.09.13 11:11:12 INFO  [info] set current project to scala (in build file:/C:/vs%20code/Scala/)
2023.09.13 11:11:38 INFO  [success] Generated .bloop\scala-test.json
2023.09.13 11:11:38 INFO  [success] Generated .bloop\scala.json
2023.09.13 11:11:38 INFO  [success] Total time: 26 s, completed Sep 13, 2023, 11:11:38 AM
2023.09.13 11:11:38 INFO  time: ran 'sbt bloopInstall' in 1m19s
2023.09.13 11:11:38 INFO  Attempting to connect to the build server...
2023.09.13 11:11:38 INFO  Setting up current java home C:\Program Files\Java\jdk-17 in C:\Users\miruh\.bloop\bloop.json
2023.09.13 11:12:15 INFO  tracing is disabled for protocol BSP, to enable tracing of incoming and outgoing JSON messages create an empty file at C:\vs code\Scala\.metals\bsp.trace.json or C:\Users\miruh\AppData\Local\scalameta\metals\cache\bsp.trace.json
2023.09.13 11:12:15 INFO  Attempting to connect to the build server...
2023.09.13 11:12:15 INFO  Bloop uses C:\Program Files\Java\jdk-17 defined at C:\Users\miruh\.bloop\bloop.json
2023.09.13 11:12:15 INFO  tracing is disabled for protocol BSP, to enable tracing of incoming and outgoing JSON messages create an empty file at C:\vs code\Scala\project\.metals\bsp.trace.json or C:\Users\miruh\AppData\Local\scalameta\metals\cache\bsp.trace.json
2023.09.13 11:12:21 INFO  time: Connected to build server in 43s
2023.09.13 11:12:21 INFO  Connected to Build server: Bloop v1.5.8
2023.09.13 11:12:21 INFO  time: Imported build in 0.11s
2023.09.13 11:12:36 INFO  time: indexed workspace in 14s
2023.09.13 11:12:37 INFO  compiling scala (1 scala source)
2023.09.13 11:12:41 INFO  compiling scala-test (1 scala source)
2023.09.13 11:12:41 INFO  time: compiled scala in 4.16s
2023.09.13 11:12:42 INFO  time: compiled scala-test in 1.07s
Sep 13, 2023 11:32:10 AM org.eclipse.lsp4j.jsonrpc.RemoteEndpoint fallbackResponseError
SEVERE: Internal error: scala.meta.internal.metals.debug.DebugProvider$NoRunOptionException$: There is nothing to run or test in the current file.
java.util.concurrent.CompletionException: scala.meta.internal.metals.debug.DebugProvider$NoRunOptionException$: There is nothing to run or test in the current file.
	at java.base/java.util.concurrent.CompletableFuture.encodeThrowable(CompletableFuture.java:332)
	at java.base/java.util.concurrent.CompletableFuture.uniAcceptNow(CompletableFuture.java:747)
	at java.base/java.util.concurrent.CompletableFuture.uniAcceptStage(CompletableFuture.java:735)
	at java.base/java.util.concurrent.CompletableFuture.thenAcceptAsync(CompletableFuture.java:2186)
	at scala.concurrent.java8.FuturesConvertersImpl$CF.thenAccept(FutureConvertersImpl.scala:37)
	at org.eclipse.lsp4j.jsonrpc.RemoteEndpoint.handleRequest(RemoteEndpoint.java:279)
	at org.eclipse.lsp4j.jsonrpc.RemoteEndpoint.consume(RemoteEndpoint.java:190)
	at org.eclipse.lsp4j.jsonrpc.json.StreamMessageProducer.handleMessage(StreamMessageProducer.java:194)
	at org.eclipse.lsp4j.jsonrpc.json.StreamMessageProducer.listen(StreamMessageProducer.java:94)
	at org.eclipse.lsp4j.jsonrpc.json.ConcurrentMessageProcessor.run(ConcurrentMessageProcessor.java:113)
	at java.base/java.util.concurrent.Executors$RunnableAdapter.call(Executors.java:539)
	at java.base/java.util.concurrent.FutureTask.run(FutureTask.java:264)
	at java.base/java.util.concurrent.ThreadPoolExecutor.runWorker(ThreadPoolExecutor.java:1136)
	at java.base/java.util.concurrent.ThreadPoolExecutor$Worker.run(ThreadPoolExecutor.java:635)
	at java.base/java.lang.Thread.run(Thread.java:833)
Caused by: scala.meta.internal.metals.debug.DebugProvider$NoRunOptionException$: There is nothing to run or test in the current file.
	at scala.meta.internal.metals.debug.DebugProvider$NoRunOptionException$.<clinit>(DebugProvider.scala:919)
	at scala.meta.internal.metals.debug.DebugProvider.$anonfun$resolveInFile$2(DebugProvider.scala:371)
	at scala.Option.fold(Option.scala:263)
	at scala.meta.internal.metals.debug.DebugProvider.resolveInFile(DebugProvider.scala:342)
	at scala.meta.internal.metals.debug.DebugProvider.debugDiscovery(DebugProvider.scala:476)
	at scala.meta.internal.metals.debug.DebugProvider.runCommandDiscovery(DebugProvider.scala:420)
	at scala.meta.internal.metals.MetalsLspService.discoverMainClasses(MetalsLspService.scala:1676)
	at scala.meta.internal.metals.WorkspaceLspService.executeCommand(WorkspaceLspService.scala:686)
	at scala.meta.metals.lsp.DelegatingScalaService.executeCommand(DelegatingScalaService.scala:169)
	at java.base/jdk.internal.reflect.NativeMethodAccessorImpl.invoke0(Native Method)
	at java.base/jdk.internal.reflect.NativeMethodAccessorImpl.invoke(NativeMethodAccessorImpl.java:77)
	at java.base/jdk.internal.reflect.DelegatingMethodAccessorImpl.invoke(DelegatingMethodAccessorImpl.java:43)
	at java.base/java.lang.reflect.Method.invoke(Method.java:568)
	at org.eclipse.lsp4j.jsonrpc.services.GenericEndpoint.lambda$null$0(GenericEndpoint.java:65)
	at org.eclipse.lsp4j.jsonrpc.services.GenericEndpoint.request(GenericEndpoint.java:120)
	at org.eclipse.lsp4j.jsonrpc.RemoteEndpoint.handleRequest(RemoteEndpoint.java:261)
	... 9 more

2023.09.13 11:35:58 WARN  no build target for: C:\vs code\Scala\project\metals.sbt
2023.09.13 11:36:26 INFO  tracing is disabled for protocol dap-server, to enable tracing of incoming and outgoing JSON messages create an empty file at C:\vs code\Scala\.metals\dap-server.trace.json or C:\Users\miruh\AppData\Local\scalameta\metals\cache\dap-server.trace.json
2023.09.13 11:36:26 INFO  tracing is disabled for protocol dap-client, to enable tracing of incoming and outgoing JSON messages create an empty file at C:\vs code\Scala\.metals\dap-client.trace.json or C:\Users\miruh\AppData\Local\scalameta\metals\cache\dap-client.trace.json
2023.09.13 11:36:26 INFO  Starting debug proxy for [lab0.ListsSuite()]
2023.09.13 11:36:28 INFO  Trying to attach to remote debuggee VM view-localhost:53415 .
2023.09.13 11:36:28 INFO  Attaching to debuggee VM succeeded.
2023.09.13 11:36:28 INFO  Canceling debug proxy for [lab0.ListsSuite()]
2023.09.13 11:36:28 INFO  Closing debug server tcp://0.0.0.0:53409
2023.09.13 11:48:39 INFO  Shutting down server
2023.09.13 11:48:39 INFO  shutting down Metals
2023.09.13 11:48:39 INFO  Shut down connection with build server.
2023.09.13 11:48:39 INFO  Shut down connection with build server.
2023.09.13 11:48:39 INFO  Exiting server
2023.09.13 11:49:00 INFO  Started: Metals version 1.0.1 in folders 'C:\vs code\Scala' for client Visual Studio Code 1.82.1.
Sep 13, 2023 11:49:00 AM org.flywaydb.core.internal.license.VersionPrinter printVersionOnly
INFO: Flyway Community Edition 9.21.2 by Redgate
Sep 13, 2023 11:49:00 AM org.flywaydb.core.internal.license.VersionPrinter printVersion
INFO: See release notes here: https://rd.gt/416ObMi
Sep 13, 2023 11:49:00 AM org.flywaydb.core.internal.license.VersionPrinter printVersion
INFO: 
Sep 13, 2023 11:49:01 AM org.flywaydb.core.FlywayExecutor execute
INFO: Database: jdbc:h2:file:C:\vs code\Scala\.metals\metals (H2 2.1)
Sep 13, 2023 11:49:01 AM org.flywaydb.core.internal.command.DbValidate validate
INFO: Successfully validated 4 migrations (execution time 00:00.018s)
Sep 13, 2023 11:49:01 AM org.flywaydb.core.internal.command.DbMigrate migrateGroup
INFO: Current version of schema "PUBLIC": 4
Sep 13, 2023 11:49:01 AM org.flywaydb.core.internal.command.DbMigrate logSummary
INFO: Schema "PUBLIC" is up to date. No migration necessary.
2023.09.13 11:49:01 INFO  time: initialize in 0.61s
2023.09.13 11:49:03 INFO  Attempting to connect to the build server...
2023.09.13 11:49:03 INFO  Bloop uses C:\Program Files\Java\jdk-17 defined at C:\Users\miruh\.bloop\bloop.json
2023.09.13 11:49:03 INFO  skipping build import with status 'Installed'
2023.09.13 11:49:03 INFO  tracing is disabled for protocol BSP, to enable tracing of incoming and outgoing JSON messages create an empty file at C:\vs code\Scala\.metals\bsp.trace.json or C:\Users\miruh\AppData\Local\scalameta\metals\cache\bsp.trace.json
2023.09.13 11:49:03 INFO  Attempting to connect to the build server...
2023.09.13 11:49:03 INFO  Bloop uses C:\Program Files\Java\jdk-17 defined at C:\Users\miruh\.bloop\bloop.json
2023.09.13 11:49:03 INFO  tracing is disabled for protocol BSP, to enable tracing of incoming and outgoing JSON messages create an empty file at C:\vs code\Scala\project\.metals\bsp.trace.json or C:\Users\miruh\AppData\Local\scalameta\metals\cache\bsp.trace.json
2023.09.13 11:49:03 INFO  time: Connected to build server in 0.25s
2023.09.13 11:49:03 INFO  Connected to Build server: Bloop v1.5.8
2023.09.13 11:49:07 INFO  no build target found for C:\vs code\Scala\src\test\scala\lab0\ListsSuite.scala. Using presentation compiler with project's scala-library version: 3.3.0
2023.09.13 11:49:07 INFO  time: code lens generation in 4.01s
2023.09.13 11:49:07 INFO  time: Imported build in 0.19s
2023.09.13 11:49:11 INFO  no build target found for C:\vs code\Scala\src\test\scala\lab0\ListsSuite.scala. Using presentation compiler with project's scala-library version: 3.3.0
2023.09.13 11:49:13 INFO  time: code lens generation in 9.66s
2023.09.13 11:49:20 INFO  time: indexed workspace in 12s
2023.09.13 11:49:20 INFO  compiling scala (1 scala source)
2023.09.13 11:49:25 INFO  time: compiled scala in 5.19s
2023.09.13 11:49:25 INFO  compiling scala-test (1 scala source)
2023.09.13 11:49:25 INFO  time: compiled scala-test in 752?s
Sep 13, 2023 11:49:25 AM org.eclipse.lsp4j.jsonrpc.RemoteEndpoint handleCancellation
WARNING: Unmatched cancel notification for request id 8
2023.09.13 12:36:00 INFO  Shutting down server
2023.09.13 12:36:00 INFO  shutting down Metals
2023.09.13 12:36:00 INFO  Shut down connection with build server.
2023.09.13 12:36:00 INFO  Shut down connection with build server.
2023.09.13 12:36:00 INFO  Exiting server
2023.09.15 10:50:02 INFO  Started: Metals version 1.0.1 in folders 'C:\vs code\Scala' for client Visual Studio Code 1.82.1.
Sep 15, 2023 10:50:03 AM org.flywaydb.core.internal.license.VersionPrinter printVersionOnly
INFO: Flyway Community Edition 9.21.2 by Redgate
Sep 15, 2023 10:50:03 AM org.flywaydb.core.internal.license.VersionPrinter printVersion
INFO: See release notes here: https://rd.gt/416ObMi
Sep 15, 2023 10:50:03 AM org.flywaydb.core.internal.license.VersionPrinter printVersion
INFO: 
Sep 15, 2023 10:50:08 AM org.flywaydb.core.FlywayExecutor execute
INFO: Database: jdbc:h2:file:C:\vs code\Scala\.metals\metals (H2 2.1)
Sep 15, 2023 10:50:08 AM org.flywaydb.core.internal.command.DbValidate validate
INFO: Successfully validated 4 migrations (execution time 00:00.120s)
Sep 15, 2023 10:50:08 AM org.flywaydb.core.internal.command.DbMigrate migrateGroup
INFO: Current version of schema "PUBLIC": 4
Sep 15, 2023 10:50:08 AM org.flywaydb.core.internal.command.DbMigrate logSummary
INFO: Schema "PUBLIC" is up to date. No migration necessary.
2023.09.15 10:50:09 INFO  time: initialize in 7.34s
2023.09.15 10:50:34 INFO  Attempting to connect to the build server...
2023.09.15 10:50:34 INFO  Bloop uses C:\Program Files\Java\jdk-17 defined at C:\Users\miruh\.bloop\bloop.json
2023.09.15 10:50:35 INFO  skipping build import with status 'Installed'
2023.09.15 10:50:48 INFO  tracing is disabled for protocol BSP, to enable tracing of incoming and outgoing JSON messages create an empty file at C:\vs code\Scala\.metals\bsp.trace.json or C:\Users\miruh\AppData\Local\scalameta\metals\cache\bsp.trace.json
2023.09.15 10:50:48 INFO  Attempting to connect to the build server...
2023.09.15 10:50:48 INFO  Bloop uses C:\Program Files\Java\jdk-17 defined at C:\Users\miruh\.bloop\bloop.json
2023.09.15 10:50:48 INFO  tracing is disabled for protocol BSP, to enable tracing of incoming and outgoing JSON messages create an empty file at C:\vs code\Scala\project\.metals\bsp.trace.json or C:\Users\miruh\AppData\Local\scalameta\metals\cache\bsp.trace.json
2023.09.15 10:50:48 INFO  time: Connected to build server in 14s
2023.09.15 10:50:48 INFO  Connected to Build server: Bloop v1.5.8
2023.09.15 10:50:50 INFO  no build target found for C:\vs code\Scala\src\test\scala\lab0\ListsSuite.scala. Using presentation compiler with project's scala-library version: 3.3.0
2023.09.15 10:50:50 INFO  time: code lens generation in 16s
2023.09.15 10:50:51 INFO  time: Imported build in 0.39s
2023.09.15 10:50:57 INFO  time: indexed workspace in 6.51s
2023.09.15 10:50:59 INFO  compiling scala (1 scala source)
2023.09.15 10:51:09 INFO  compiling scala-test (1 scala source)
2023.09.15 10:51:09 INFO  time: compiled scala in 10s
2023.09.15 10:51:16 INFO  time: compiled scala-test in 6.21s
Sep 15, 2023 10:52:10 AM org.eclipse.lsp4j.jsonrpc.RemoteEndpoint handleCancellation
WARNING: Unmatched cancel notification for request id 27
2023.09.15 11:56:58 INFO  Bloop uses C:\Program Files\Java\jdk-17 defined at C:\Users\miruh\.bloop\bloop.json
2023.09.15 11:56:58 INFO  Bloop uses C:\Program Files\Java\jdk-17 defined at C:\Users\miruh\.bloop\bloop.json
2023.09.15 11:56:58 INFO  tracing is disabled for protocol BSP, to enable tracing of incoming and outgoing JSON messages create an empty file at C:\vs code\Scala\.metals\bsp.trace.json or C:\Users\miruh\AppData\Local\scalameta\metals\cache\bsp.trace.json
2023.09.15 11:56:58 INFO  tracing is disabled for protocol BSP, to enable tracing of incoming and outgoing JSON messages create an empty file at C:\vs code\Scala\.metals\bsp.trace.json or C:\Users\miruh\AppData\Local\scalameta\metals\cache\bsp.trace.json
2023.09.15 11:56:58 INFO  Connected to Build server: Bloop v1.5.8
2023.09.15 11:56:58 INFO  Connected to Build server: Bloop v1.5.8
2023.09.15 11:56:58 INFO  Bloop uses C:\Program Files\Java\jdk-17 defined at C:\Users\miruh\.bloop\bloop.json
2023.09.15 11:56:58 INFO  tracing is disabled for protocol BSP, to enable tracing of incoming and outgoing JSON messages create an empty file at C:\vs code\Scala\project\.metals\bsp.trace.json or C:\Users\miruh\AppData\Local\scalameta\metals\cache\bsp.trace.json
2023.09.15 11:56:58 INFO  compiling scala (1 scala source)
2023.09.15 11:57:00 INFO  time: compiled scala in 1.42s
2023.09.15 11:57:00 INFO  time: Imported build in 1.54s
2023.09.15 11:57:03 INFO  time: indexed workspace in 2.95s
2023.09.15 11:57:03 ERROR Empty build targets. Expected at least one build target identifier.
2023.09.15 11:57:03 INFO  no build target found for C:\vs code\Scala\src\main\scala\lab0\Lists.scala. Using presentation compiler with project's scala-library version: 3.3.0
Sep 15, 2023 11:57:03 AM org.eclipse.lsp4j.jsonrpc.RemoteEndpoint handleCancellation
WARNING: Unmatched cancel notification for request id 112
2023.09.15 11:57:05 INFO  time: code lens generation in 5.23s
2023.09.15 11:57:05 INFO  time: code lens generation in 2s
2023.09.15 11:57:05 INFO  time: code lens generation in 1.92s
Sep 15, 2023 11:59:37 AM org.eclipse.lsp4j.jsonrpc.RemoteEndpoint handleCancellation
WARNING: Unmatched cancel notification for request id 379
Sep 15, 2023 12:00:07 PM org.eclipse.lsp4j.jsonrpc.RemoteEndpoint handleCancellation
WARNING: Unmatched cancel notification for request id 436
Sep 15, 2023 12:00:07 PM org.eclipse.lsp4j.jsonrpc.RemoteEndpoint handleCancellation
WARNING: Unmatched cancel notification for request id 437
2023.09.15 12:00:59 ERROR Empty build targets. Expected at least one build target identifier.
2023.09.15 12:07:05 ERROR Empty build targets. Expected at least one build target identifier.
2023.09.15 12:12:08 ERROR Empty build targets. Expected at least one build target identifier.
2023.09.15 12:12:30 ERROR Empty build targets. Expected at least one build target identifier.
2023.09.15 12:22:06 ERROR Empty build targets. Expected at least one build target identifier.
Exception in thread "pool-11-thread-1" java.lang.InterruptedException
	at scala.meta.internal.metals.FutureCancelToken.checkCanceled(FutureCancelToken.scala:29)
	at scala.meta.internal.pc.CompilerAccess.onCompilerJobQueue$$anonfun$1(CompilerAccess.scala:229)
	at scala.meta.internal.pc.CompilerJobQueue$Job.run(CompilerJobQueue.scala:152)
	at java.base/java.util.concurrent.ThreadPoolExecutor.runWorker(ThreadPoolExecutor.java:1136)
	at java.base/java.util.concurrent.ThreadPoolExecutor$Worker.run(ThreadPoolExecutor.java:635)
	at java.base/java.lang.Thread.run(Thread.java:833)
Sep 15, 2023 12:25:45 PM org.eclipse.lsp4j.jsonrpc.RemoteEndpoint handleCancellation
WARNING: Unmatched cancel notification for request id 1712
2023.09.15 12:28:43 ERROR Empty build targets. Expected at least one build target identifier.
2023.09.15 12:29:01 ERROR Empty build targets. Expected at least one build target identifier.
2023.09.15 12:31:14 ERROR Empty build targets. Expected at least one build target identifier.
2023.09.15 12:32:29 ERROR Empty build targets. Expected at least one build target identifier.
Sep 15, 2023 12:33:22 PM org.eclipse.lsp4j.jsonrpc.RemoteEndpoint handleCancellation
WARNING: Unmatched cancel notification for request id 2049
2023.09.15 12:38:09 ERROR Empty build targets. Expected at least one build target identifier.
2023.09.15 12:41:46 INFO  Shutting down server
2023.09.15 12:41:46 INFO  shutting down Metals
2023.09.15 12:41:46 INFO  Shut down connection with build server.
2023.09.15 12:41:46 INFO  Shut down connection with build server.
2023.09.15 12:41:46 INFO  Failed to run request with params WorkspaceBuildTargetsResult
2023.09.15 12:41:46 INFO  Exiting server
2023.09.15 12:42:31 INFO  Started: Metals version 1.0.1 in folders 'C:\vs code\Scala' for client Visual Studio Code 1.82.2.
Sep 15, 2023 12:42:31 PM org.flywaydb.core.internal.license.VersionPrinter printVersionOnly
INFO: Flyway Community Edition 9.21.2 by Redgate
Sep 15, 2023 12:42:31 PM org.flywaydb.core.internal.license.VersionPrinter printVersion
INFO: See release notes here: https://rd.gt/416ObMi
Sep 15, 2023 12:42:31 PM org.flywaydb.core.internal.license.VersionPrinter printVersion
INFO: 
Sep 15, 2023 12:42:33 PM org.flywaydb.core.FlywayExecutor execute
INFO: Database: jdbc:h2:file:C:\vs code\Scala\.metals\metals (H2 2.1)
Sep 15, 2023 12:42:33 PM org.flywaydb.core.internal.command.DbValidate validate
INFO: Successfully validated 4 migrations (execution time 00:00.100s)
Sep 15, 2023 12:42:33 PM org.flywaydb.core.internal.command.DbMigrate migrateGroup
INFO: Current version of schema "PUBLIC": 4
Sep 15, 2023 12:42:33 PM org.flywaydb.core.internal.command.DbMigrate logSummary
INFO: Schema "PUBLIC" is up to date. No migration necessary.
2023.09.15 12:42:33 INFO  time: initialize in 2.35s
2023.09.15 12:42:44 INFO  Attempting to connect to the build server...
2023.09.15 12:42:44 INFO  skipping build import with status 'Installed'
2023.09.15 12:42:44 INFO  Bloop uses C:\Program Files\Java\jdk-17 defined at C:\Users\miruh\.bloop\bloop.json
2023.09.15 12:42:44 INFO  tracing is disabled for protocol BSP, to enable tracing of incoming and outgoing JSON messages create an empty file at C:\vs code\Scala\.metals\bsp.trace.json or C:\Users\miruh\AppData\Local\scalameta\metals\cache\bsp.trace.json
2023.09.15 12:42:45 INFO  Attempting to connect to the build server...
2023.09.15 12:42:45 INFO  Bloop uses C:\Program Files\Java\jdk-17 defined at C:\Users\miruh\.bloop\bloop.json
2023.09.15 12:42:45 INFO  tracing is disabled for protocol BSP, to enable tracing of incoming and outgoing JSON messages create an empty file at C:\vs code\Scala\project\.metals\bsp.trace.json or C:\Users\miruh\AppData\Local\scalameta\metals\cache\bsp.trace.json
2023.09.15 12:42:45 INFO  time: Connected to build server in 1.2s
2023.09.15 12:42:45 INFO  Connected to Build server: Bloop v1.5.8
2023.09.15 12:42:53 INFO  no build target found for C:\vs code\Scala\src\test\scala\lab0\ListsSuite.scala. Using presentation compiler with project's scala-library version: 3.3.0
2023.09.15 12:42:53 INFO  time: code lens generation in 10s
2023.09.15 12:42:54 INFO  time: Imported build in 0.16s
2023.09.15 12:42:57 INFO  no build target found for C:\vs code\Scala\src\test\scala\lab0\ListsSuite.scala. Using presentation compiler with project's scala-library version: 3.3.0
2023.09.15 12:43:00 INFO  time: code lens generation in 15s
2023.09.15 12:43:06 INFO  time: indexed workspace in 12s
2023.09.15 12:43:43 INFO  compiling scala (1 scala source)
2023.09.15 12:43:43 INFO  time: compiled scala in 0.53s
2023.09.15 12:43:43 INFO  compiling scala-test (1 scala source)
2023.09.15 12:43:45 INFO  time: compiled scala-test in 0.78s
2023.09.15 12:53:35 INFO  compiling scala-test (1 scala source)
2023.09.15 12:53:35 INFO  time: compiled scala-test in 0.96s
2023.09.15 12:54:05 INFO  compiling scala-test (1 scala source)
2023.09.15 12:54:05 INFO  time: compiled scala-test in 0.63s
2023.09.15 13:40:31 INFO  Bloop uses C:\Program Files\Java\jdk-17 defined at C:\Users\miruh\.bloop\bloop.json
2023.09.15 13:40:31 INFO  Bloop uses C:\Program Files\Java\jdk-17 defined at C:\Users\miruh\.bloop\bloop.json
2023.09.15 13:40:31 INFO  tracing is disabled for protocol BSP, to enable tracing of incoming and outgoing JSON messages create an empty file at C:\vs code\Scala\.metals\bsp.trace.json or C:\Users\miruh\AppData\Local\scalameta\metals\cache\bsp.trace.json
2023.09.15 13:40:31 INFO  tracing is disabled for protocol BSP, to enable tracing of incoming and outgoing JSON messages create an empty file at C:\vs code\Scala\.metals\bsp.trace.json or C:\Users\miruh\AppData\Local\scalameta\metals\cache\bsp.trace.json
2023.09.15 13:40:31 INFO  Connected to Build server: Bloop v1.5.8
2023.09.15 13:40:31 INFO  Connected to Build server: Bloop v1.5.8
2023.09.15 13:40:31 INFO  Bloop uses C:\Program Files\Java\jdk-17 defined at C:\Users\miruh\.bloop\bloop.json
2023.09.15 13:40:31 INFO  Bloop uses C:\Program Files\Java\jdk-17 defined at C:\Users\miruh\.bloop\bloop.json
2023.09.15 13:40:31 INFO  tracing is disabled for protocol BSP, to enable tracing of incoming and outgoing JSON messages create an empty file at C:\vs code\Scala\project\.metals\bsp.trace.json or C:\Users\miruh\AppData\Local\scalameta\metals\cache\bsp.trace.json
2023.09.15 13:40:31 INFO  tracing is disabled for protocol BSP, to enable tracing of incoming and outgoing JSON messages create an empty file at C:\vs code\Scala\project\.metals\bsp.trace.json or C:\Users\miruh\AppData\Local\scalameta\metals\cache\bsp.trace.json
2023.09.15 13:40:31 INFO  time: Imported build in 0.19s
2023.09.15 13:40:33 INFO  time: indexed workspace in 2.16s
2023.09.15 15:30:14 INFO  Shutting down server
2023.09.15 15:30:14 INFO  shutting down Metals
2023.09.15 15:30:14 ERROR build shutdown: bloop
java.util.concurrent.ExecutionException: org.eclipse.lsp4j.jsonrpc.JsonRpcException: java.io.IOException: Connection reset by peer
	at java.util.concurrent.CompletableFuture.reportGet(CompletableFuture.java:396)
	at java.util.concurrent.CompletableFuture.get(CompletableFuture.java:2096)
	at scala.meta.internal.metals.BuildServerConnection.$anonfun$shutdown$1(BuildServerConnection.scala:117)
	at scala.meta.internal.metals.BuildServerConnection.$anonfun$shutdown$1$adapted(BuildServerConnection.scala:114)
	at scala.concurrent.impl.Promise$Transformation.run(Promise.scala:467)
	at java.util.concurrent.ThreadPoolExecutor.runWorker(ThreadPoolExecutor.java:1136)
	at java.util.concurrent.ThreadPoolExecutor$Worker.run(ThreadPoolExecutor.java:635)
	at java.lang.Thread.run(Thread.java:833)
Caused by: org.eclipse.lsp4j.jsonrpc.JsonRpcException: java.io.IOException: Connection reset by peer
	at org.eclipse.lsp4j.jsonrpc.json.StreamMessageConsumer.consume(StreamMessageConsumer.java:72)
	at scala.meta.internal.metals.RequestMonitorImpl$$anon$1.consume(ServerLivenessMonitor.scala:44)
	at org.eclipse.lsp4j.jsonrpc.RemoteEndpoint.request(RemoteEndpoint.java:161)
	at org.eclipse.lsp4j.jsonrpc.services.EndpointProxy.invoke(EndpointProxy.java:91)
	at jdk.proxy2.$Proxy10.buildShutdown(null)
	at scala.meta.internal.metals.BuildServerConnection.$anonfun$shutdown$1(BuildServerConnection.scala:117)
	at scala.meta.internal.metals.BuildServerConnection.$anonfun$shutdown$1$adapted(BuildServerConnection.scala:114)
	at scala.concurrent.impl.Promise$Transformation.run(Promise.scala:467)
	at java.util.concurrent.ThreadPoolExecutor.runWorker(ThreadPoolExecutor.java:1136)
	at java.util.concurrent.ThreadPoolExecutor$Worker.run(ThreadPoolExecutor.java:635)
	at java.lang.Thread.run(Thread.java:833)
Caused by: java.io.IOException: Connection reset by peer
	at sun.nio.ch.SocketDispatcher.write0(Native Method)
	at sun.nio.ch.SocketDispatcher.write(SocketDispatcher.java:54)
	at sun.nio.ch.IOUtil.writeFromNativeBuffer(IOUtil.java:132)
	at sun.nio.ch.IOUtil.write(IOUtil.java:97)
	at sun.nio.ch.IOUtil.write(IOUtil.java:53)
	at sun.nio.ch.SocketChannelImpl.write(SocketChannelImpl.java:532)
	at sun.nio.ch.SinkChannelImpl.write(SinkChannelImpl.java:123)
	at java.nio.channels.Channels.writeFullyImpl(Channels.java:74)
	at java.nio.channels.Channels.writeFully(Channels.java:93)
	at java.nio.channels.Channels$1.write(Channels.java:171)
	at java.io.OutputStream.write(OutputStream.java:127)
	at java.nio.channels.Channels$1.write(Channels.java:151)
	at scala.meta.internal.metals.ClosableOutputStream.write(ClosableOutputStream.scala:26)
	at java.io.FilterOutputStream.write(FilterOutputStream.java:137)
	at java.io.FilterOutputStream.write(FilterOutputStream.java:108)
	at org.eclipse.lsp4j.jsonrpc.json.StreamMessageConsumer.consume(StreamMessageConsumer.java:67)
	at scala.meta.internal.metals.RequestMonitorImpl$$anon$1.consume(ServerLivenessMonitor.scala:44)
	at org.eclipse.lsp4j.jsonrpc.RemoteEndpoint.request(RemoteEndpoint.java:161)
	at org.eclipse.lsp4j.jsonrpc.services.EndpointProxy.invoke(EndpointProxy.java:91)
	at jdk.proxy2.$Proxy10.buildShutdown(null)
	at scala.meta.internal.metals.BuildServerConnection.$anonfun$shutdown$1(BuildServerConnection.scala:117)
	at scala.meta.internal.metals.BuildServerConnection.$anonfun$shutdown$1$adapted(BuildServerConnection.scala:114)
	at scala.concurrent.impl.Promise$Transformation.run(Promise.scala:467)
	at java.util.concurrent.ThreadPoolExecutor.runWorker(ThreadPoolExecutor.java:1136)
	at java.util.concurrent.ThreadPoolExecutor$Worker.run(ThreadPoolExecutor.java:635)
	at java.lang.Thread.run(Thread.java:833)

2023.09.15 15:30:14 ERROR build shutdown: bloop
java.util.concurrent.ExecutionException: org.eclipse.lsp4j.jsonrpc.JsonRpcException: java.io.IOException: Connection reset by peer
	at java.util.concurrent.CompletableFuture.reportGet(CompletableFuture.java:396)
	at java.util.concurrent.CompletableFuture.get(CompletableFuture.java:2096)
	at scala.meta.internal.metals.BuildServerConnection.$anonfun$shutdown$1(BuildServerConnection.scala:117)
	at scala.meta.internal.metals.BuildServerConnection.$anonfun$shutdown$1$adapted(BuildServerConnection.scala:114)
	at scala.concurrent.impl.Promise$Transformation.run(Promise.scala:467)
	at java.util.concurrent.ThreadPoolExecutor.runWorker(ThreadPoolExecutor.java:1136)
	at java.util.concurrent.ThreadPoolExecutor$Worker.run(ThreadPoolExecutor.java:635)
	at java.lang.Thread.run(Thread.java:833)
Caused by: org.eclipse.lsp4j.jsonrpc.JsonRpcException: java.io.IOException: Connection reset by peer
	at org.eclipse.lsp4j.jsonrpc.json.StreamMessageConsumer.consume(StreamMessageConsumer.java:72)
	at scala.meta.internal.metals.RequestMonitorImpl$$anon$1.consume(ServerLivenessMonitor.scala:44)
	at org.eclipse.lsp4j.jsonrpc.RemoteEndpoint.request(RemoteEndpoint.java:161)
	at org.eclipse.lsp4j.jsonrpc.services.EndpointProxy.invoke(EndpointProxy.java:91)
	at jdk.proxy2.$Proxy10.buildShutdown(null)
	at scala.meta.internal.metals.BuildServerConnection.$anonfun$shutdown$1(BuildServerConnection.scala:117)
	at scala.meta.internal.metals.BuildServerConnection.$anonfun$shutdown$1$adapted(BuildServerConnection.scala:114)
	at scala.concurrent.impl.Promise$Transformation.run(Promise.scala:467)
	at java.util.concurrent.ThreadPoolExecutor.runWorker(ThreadPoolExecutor.java:1136)
	at java.util.concurrent.ThreadPoolExecutor$Worker.run(ThreadPoolExecutor.java:635)
	at java.lang.Thread.run(Thread.java:833)
Caused by: java.io.IOException: Connection reset by peer
	at sun.nio.ch.SocketDispatcher.write0(Native Method)
	at sun.nio.ch.SocketDispatcher.write(SocketDispatcher.java:54)
	at sun.nio.ch.IOUtil.writeFromNativeBuffer(IOUtil.java:132)
	at sun.nio.ch.IOUtil.write(IOUtil.java:97)
	at sun.nio.ch.IOUtil.write(IOUtil.java:53)
	at sun.nio.ch.SocketChannelImpl.write(SocketChannelImpl.java:532)
	at sun.nio.ch.SinkChannelImpl.write(SinkChannelImpl.java:123)
	at java.nio.channels.Channels.writeFullyImpl(Channels.java:74)
	at java.nio.channels.Channels.writeFully(Channels.java:93)
	at java.nio.channels.Channels$1.write(Channels.java:171)
	at java.io.OutputStream.write(OutputStream.java:127)
	at java.nio.channels.Channels$1.write(Channels.java:151)
	at scala.meta.internal.metals.ClosableOutputStream.write(ClosableOutputStream.scala:26)
	at java.io.FilterOutputStream.write(FilterOutputStream.java:137)
	at java.io.FilterOutputStream.write(FilterOutputStream.java:108)
	at org.eclipse.lsp4j.jsonrpc.json.StreamMessageConsumer.consume(StreamMessageConsumer.java:68)
	at scala.meta.internal.metals.RequestMonitorImpl$$anon$1.consume(ServerLivenessMonitor.scala:44)
	at org.eclipse.lsp4j.jsonrpc.RemoteEndpoint.request(RemoteEndpoint.java:161)
	at org.eclipse.lsp4j.jsonrpc.services.EndpointProxy.invoke(EndpointProxy.java:91)
	at jdk.proxy2.$Proxy10.buildShutdown(null)
	at scala.meta.internal.metals.BuildServerConnection.$anonfun$shutdown$1(BuildServerConnection.scala:117)
	at scala.meta.internal.metals.BuildServerConnection.$anonfun$shutdown$1$adapted(BuildServerConnection.scala:114)
	at scala.concurrent.impl.Promise$Transformation.run(Promise.scala:467)
	at java.util.concurrent.ThreadPoolExecutor.runWorker(ThreadPoolExecutor.java:1136)
	at java.util.concurrent.ThreadPoolExecutor$Worker.run(ThreadPoolExecutor.java:635)
	at java.lang.Thread.run(Thread.java:833)

2023.09.15 15:30:14 INFO  Failed to run request with params WorkspaceBuildTargetsResult
2023.09.15 15:30:14 INFO  Exiting server
2023.09.18 17:01:44 INFO  Started: Metals version 1.0.1 in folders 'C:\vs code\Scala' for client Visual Studio Code 1.82.2.
Sep 18, 2023 5:01:44 PM org.flywaydb.core.internal.license.VersionPrinter printVersionOnly
INFO: Flyway Community Edition 9.21.2 by Redgate
Sep 18, 2023 5:01:44 PM org.flywaydb.core.internal.license.VersionPrinter printVersion
INFO: See release notes here: https://rd.gt/416ObMi
Sep 18, 2023 5:01:44 PM org.flywaydb.core.internal.license.VersionPrinter printVersion
INFO: 
Sep 18, 2023 5:01:45 PM org.flywaydb.core.FlywayExecutor execute
INFO: Database: jdbc:h2:file:C:\vs code\Scala\.metals\metals (H2 2.1)
Sep 18, 2023 5:01:45 PM org.flywaydb.core.internal.command.DbValidate validate
INFO: Successfully validated 4 migrations (execution time 00:00.032s)
Sep 18, 2023 5:01:45 PM org.flywaydb.core.internal.command.DbMigrate migrateGroup
INFO: Current version of schema "PUBLIC": 4
Sep 18, 2023 5:01:45 PM org.flywaydb.core.internal.command.DbMigrate logSummary
INFO: Schema "PUBLIC" is up to date. No migration necessary.
2023.09.18 17:01:45 INFO  time: initialize in 0.93s
2023.09.18 17:01:48 INFO  Attempting to connect to the build server...
2023.09.18 17:01:48 INFO  Bloop uses C:\Program Files\Java\jdk-17 defined at C:\Users\miruh\.bloop\bloop.json
2023.09.18 17:01:48 INFO  skipping build import with status 'Installed'
2023.09.18 17:01:58 INFO  tracing is disabled for protocol BSP, to enable tracing of incoming and outgoing JSON messages create an empty file at C:\vs code\Scala\.metals\bsp.trace.json or C:\Users\miruh\AppData\Local\scalameta\metals\cache\bsp.trace.json
2023.09.18 17:01:58 INFO  Attempting to connect to the build server...
2023.09.18 17:01:58 INFO  Bloop uses C:\Program Files\Java\jdk-17 defined at C:\Users\miruh\.bloop\bloop.json
2023.09.18 17:01:58 INFO  tracing is disabled for protocol BSP, to enable tracing of incoming and outgoing JSON messages create an empty file at C:\vs code\Scala\project\.metals\bsp.trace.json or C:\Users\miruh\AppData\Local\scalameta\metals\cache\bsp.trace.json
2023.09.18 17:01:58 INFO  time: Connected to build server in 11s
2023.09.18 17:01:58 INFO  Connected to Build server: Bloop v1.5.8
2023.09.18 17:02:00 INFO  no build target found for C:\vs code\Scala\src\main\scala\lab0\Lists.scala. Using presentation compiler with project's scala-library version: 3.3.0
2023.09.18 17:02:02 INFO  time: code lens generation in 13s
2023.09.18 17:02:02 INFO  time: Imported build in 0.96s
2023.09.18 17:02:08 INFO  no build target found for C:\vs code\Scala\src\main\scala\lab0\Lists.scala. Using presentation compiler with project's scala-library version: 3.3.0
2023.09.18 17:02:14 INFO  time: code lens generation in 25s
2023.09.18 17:02:24 INFO  time: indexed workspace in 21s
2023.09.18 17:08:10 INFO  compiling scala (1 scala source)
2023.09.18 17:08:16 INFO  compiling scala-test (1 scala source)
2023.09.18 17:08:16 INFO  time: compiled scala in 6.07s
2023.09.18 17:08:18 INFO  time: compiled scala-test in 1.87s
2023.09.18 17:09:22 INFO  Shutting down server
2023.09.18 17:09:22 INFO  shutting down Metals
2023.09.18 17:09:22 INFO  Shut down connection with build server.
2023.09.18 17:09:22 INFO  Shut down connection with build server.
2023.09.18 17:09:22 INFO  Exiting server
2023.09.19 13:01:12 INFO  Started: Metals version 1.0.1 in folders 'C:\vs code\Scala' for client Visual Studio Code 1.82.2.
Sep 19, 2023 1:01:12 PM org.flywaydb.core.internal.license.VersionPrinter printVersionOnly
INFO: Flyway Community Edition 9.21.2 by Redgate
Sep 19, 2023 1:01:12 PM org.flywaydb.core.internal.license.VersionPrinter printVersion
INFO: See release notes here: https://rd.gt/416ObMi
Sep 19, 2023 1:01:12 PM org.flywaydb.core.internal.license.VersionPrinter printVersion
INFO: 
Sep 19, 2023 1:01:13 PM org.flywaydb.core.FlywayExecutor execute
INFO: Database: jdbc:h2:file:C:\vs code\Scala\.metals\metals (H2 2.1)
Sep 19, 2023 1:01:13 PM org.flywaydb.core.internal.command.DbValidate validate
INFO: Successfully validated 4 migrations (execution time 00:00.070s)
Sep 19, 2023 1:01:13 PM org.flywaydb.core.internal.command.DbMigrate migrateGroup
INFO: Current version of schema "PUBLIC": 4
Sep 19, 2023 1:01:13 PM org.flywaydb.core.internal.command.DbMigrate logSummary
INFO: Schema "PUBLIC" is up to date. No migration necessary.
2023.09.19 13:01:13 INFO  time: initialize in 1.59s
Sep 19, 2023 1:01:14 PM org.eclipse.lsp4j.jsonrpc.RemoteEndpoint handleNotification
WARNING: Notification threw an exception: {
  "jsonrpc": "2.0",
  "method": "textDocument/didOpen",
  "params": {
    "textDocument": {
      "uri": "file:///c%3A/vs%20code/Scala/src/test/scala/lab0/ListsSuite.scala",
      "languageId": "scala",
      "version": 1,
      "text": "\n/**\n * This class implements a munit test suite for the methods in object\n * `Lists` that need to be implemented as part of this assignment. A test\n * suite is simply a collection of individual tests for some specific\n * component of a program.\n *\n * To run this test suite, start \"sbt\" then run the \"test\" command.\n */\nclass ListsSuite extends munit.FunSuite:\n\n  /**\n   * Tests are written using the `test(\"description\") { ... }` syntax\n   * The most common way to implement a test body is using the method `assert`\n   * which tests that its argument evaluates to `true`. So one of the simplest\n   * successful tests is the following:\n   */\n  test(\"one plus one is two\") {\n    assert(1 + 1 \u003d\u003d 2)\n  }\n\n  test(\"one plus one is three?\") {\n    assert(1 + 1 \u003d\u003d 2) // This assertion fails! Go ahead and fix it.\n  }\n\n  /**\n   * One problem with the previous (failing) test is that munit will\n   * only tell you that a test failed, but it will not tell you what was\n   * the reason for the failure. The output looks like this:\n   *\n   * {{{\n   * \u003d\u003d\u003e X lab1.ListSuite.one plus one is three?  0.007s munit.FailException: /tmp/lab0/src/test/scala/lab0/ListSuite.scala:26 assertion failed\n   * 25:  test(\"one plus one is two\") {\n   * 26:      assert(1 + 1 \u003d\u003d 3)\n   * 27:  }\n   * }}}\n   *\n   * This situation can be improved by using a assertEquals\n   * (this is only possible in munit). So if you\n   * run the next test, munit will show the following output:\n   *\n   * {{{\n   * \u003d\u003d\u003e X lab1.ListSuite.details why one plus one is not three  0.006s munit.FailException: /tmp/lab0/src/test/scala/lab0/ListSuite.scala:72\n   * 71:  test(\"details why one plus one is not three\") {\n   * 72:      assertEquals(1 + 1, 3) // Fix me, please!\n   * 73:  }\n   * values are not the same\n   * \u003d\u003e Obtained\n   * 3\n   * \u003d\u003e Diff (- obtained, + expected)\n   * -3\n   * +2\n   * }}}\n   *\n   * We recommend to always use the assertEquals equality operator\n   * when writing tests.\n   */\n  test(\"details why one plus one is not three\") {\n    assertEquals(1 + 1, 2) // Fix me, please!\n  }\n\n  /**\n   * Exceptional behavior of a methods can be tested using a try/catch\n   * and a failed assertion.\n   *\n   * In the following example, we test the fact that the method `intNotZero`\n   * throws an `IllegalArgumentException` if its argument is `0`.\n   */\n   test(\"intNotZero throws an exception if its argument is 0\") {\n     try\n       intNotZero(0)\n       fail(\"No exception has been thrown\")\n     catch\n       case e: IllegalArgumentException \u003d\u003e ()\n   }\n\n   def intNotZero(x: Int): Int \u003d\n     if x \u003d\u003d 0 then throw IllegalArgumentException(\"zero is not allowed\")\n     else x\n\n  /**\n   * Now we finally write some tests for the list functions that have to be\n   * implemented for this assignment. We fist import all members of the\n   * `List` object.\n   */\n  import Lists.*\n\n\n  /**\n   * We only provide two very basic tests for you. Write more tests to make\n   * sure your `sum` and `max` methods work as expected.\n   *\n   * In particular, write tests for corner cases: negative numbers, zeros,\n   * empty lists, lists with repeated elements, etc.\n   *\n   * It is allowed to have multiple `assert` statements inside one test,\n   * however it is recommended to write an individual `test` statement for\n   * every tested aspect of a method.\n   */\n  test(\"sum of a few numbers\") {\n    assert(sum(List(1, 2, 0)) \u003d\u003d 3)\n  }\n\n  test(\"max of a few numbers\") {\n    assert(max(List(3, 7, 2)) \u003d\u003d 7)\n  }\n\n  import scala.concurrent.duration.*\n  override val munitTimeout \u003d 1.seconds\n"
    }
  }
}
java.lang.RuntimeException: java.lang.reflect.InvocationTargetException
	at org.eclipse.lsp4j.jsonrpc.services.GenericEndpoint.lambda$null$0(GenericEndpoint.java:67)
	at org.eclipse.lsp4j.jsonrpc.services.GenericEndpoint.notify(GenericEndpoint.java:152)
	at org.eclipse.lsp4j.jsonrpc.RemoteEndpoint.handleNotification(RemoteEndpoint.java:220)
	at org.eclipse.lsp4j.jsonrpc.RemoteEndpoint.consume(RemoteEndpoint.java:187)
	at org.eclipse.lsp4j.jsonrpc.json.StreamMessageProducer.handleMessage(StreamMessageProducer.java:194)
	at org.eclipse.lsp4j.jsonrpc.json.StreamMessageProducer.listen(StreamMessageProducer.java:94)
	at org.eclipse.lsp4j.jsonrpc.json.ConcurrentMessageProcessor.run(ConcurrentMessageProcessor.java:113)
	at java.base/java.util.concurrent.Executors$RunnableAdapter.call(Executors.java:539)
	at java.base/java.util.concurrent.FutureTask.run(FutureTask.java:264)
	at java.base/java.util.concurrent.ThreadPoolExecutor.runWorker(ThreadPoolExecutor.java:1136)
	at java.base/java.util.concurrent.ThreadPoolExecutor$Worker.run(ThreadPoolExecutor.java:635)
	at java.base/java.lang.Thread.run(Thread.java:833)
Caused by: java.lang.reflect.InvocationTargetException
	at java.base/jdk.internal.reflect.NativeMethodAccessorImpl.invoke0(Native Method)
	at java.base/jdk.internal.reflect.NativeMethodAccessorImpl.invoke(NativeMethodAccessorImpl.java:77)
	at java.base/jdk.internal.reflect.DelegatingMethodAccessorImpl.invoke(DelegatingMethodAccessorImpl.java:43)
	at java.base/java.lang.reflect.Method.invoke(Method.java:568)
	at org.eclipse.lsp4j.jsonrpc.services.GenericEndpoint.lambda$null$0(GenericEndpoint.java:65)
	... 11 more
Caused by: java.nio.file.NoSuchFileException: c:\vs code\Scala\src\test\scala\lab0\ListsSuite.scala
	at java.base/sun.nio.fs.WindowsException.translateToIOException(WindowsException.java:85)
	at java.base/sun.nio.fs.WindowsException.rethrowAsIOException(WindowsException.java:103)
	at java.base/sun.nio.fs.WindowsException.rethrowAsIOException(WindowsException.java:108)
	at java.base/sun.nio.fs.WindowsFileSystemProvider.newByteChannel(WindowsFileSystemProvider.java:236)
	at java.base/java.nio.file.Files.newByteChannel(Files.java:380)
	at java.base/java.nio.file.Files.newByteChannel(Files.java:432)
	at java.base/java.nio.file.Files.readAllBytes(Files.java:3288)
	at scala.meta.internal.io.PlatformFileIO$.slurp(PlatformFileIO.scala:45)
	at scala.meta.internal.io.FileIO$.slurp(FileIO.scala:24)
	at scala.meta.internal.metals.MetalsLspService.didOpen(MetalsLspService.scala:986)
	at scala.meta.internal.metals.WorkspaceLspService.didOpen(WorkspaceLspService.scala:320)
	at scala.meta.metals.lsp.DelegatingScalaService.didOpen(DelegatingScalaService.scala:39)
	... 16 more

Sep 19, 2023 1:01:14 PM org.eclipse.lsp4j.jsonrpc.RemoteEndpoint handleNotification
WARNING: Notification threw an exception: {
  "jsonrpc": "2.0",
  "method": "textDocument/didOpen",
  "params": {
    "textDocument": {
      "uri": "file:///c%3A/vs%20code/Scala/src/main/scala/lab0/Lists.scala",
      "languageId": "scala",
      "version": 1,
      "text": "\nimport scala.annotation.tailrec\n\nobject Lists:\n\n  /**\n   * This method computes the sum of all elements in the list xs. There are\n   * multiple techniques that can be used for implementing this method, and\n   * you will learn during the class.\n   *\n   * For this example assignment you can use the following methods in class\n   * `List`:\n   *\n   *  - `xs.isEmpty: Boolean` returns `true` if the list `xs` is empty\n   *  - `xs.head: Int` returns the head element of the list `xs`. If the list\n   *    is empty an exception is thrown\n   *  - `xs.tail: List[Int]` returns the tail of the list `xs`, i.e. the the\n   *    list `xs` without its `head` element\n   *\n   *  \u0027\u0027Hint:\u0027\u0027 instead of writing a `for` or `while` loop, think of a recursive\n   *  solution.\n   *\n   * @param xs A list of natural numbers\n   * @return The sum of all elements in `xs`\n   */\n  def sum(xs: List[Int]): Int \u003d\n    @tailrec\n    def rec(xs: List[Int], acc: Int): Int \u003d\n      if xs.isEmpty then\n        acc\n      else \n        rec(xs.tail, acc + xs.head)\n\n    rec(xs, 0) \n  \n\n  /**\n   * This method returns the largest element in a list of integers. If the\n   * list `xs` is empty it throws a `java.util.NoSuchElementException`.\n   *\n   * You can use the same methods of the class `List` as mentioned above.\n   *\n   * \u0027\u0027Hint:\u0027\u0027 Again, think of a recursive solution instead of using looping\n   * constructs. You might need to define an auxiliary method.\n   *\n   * @param xs A list of natural numbers\n   * @return The largest element in `xs`\n   * @throws java.util.NoSuchElementException if `xs` is an empty list\n   */\n  def max(xs: List[Int]): Int \u003d\n    @tailrec\n    def rec(xs: List[Int], acc: Int): Int \u003d\n      if xs.isEmpty then\n        acc\n      else \n        rec(xs.tail, if xs.head \u003e acc then xs.head else acc)\n\n    if xs.isEmpty then\n      throw java.util.NoSuchElementException()\n    else\n      rec(xs.tail, xs.head)"
    }
  }
}
java.lang.RuntimeException: java.lang.reflect.InvocationTargetException
	at org.eclipse.lsp4j.jsonrpc.services.GenericEndpoint.lambda$null$0(GenericEndpoint.java:67)
	at org.eclipse.lsp4j.jsonrpc.services.GenericEndpoint.notify(GenericEndpoint.java:152)
	at org.eclipse.lsp4j.jsonrpc.RemoteEndpoint.handleNotification(RemoteEndpoint.java:220)
	at org.eclipse.lsp4j.jsonrpc.RemoteEndpoint.consume(RemoteEndpoint.java:187)
	at org.eclipse.lsp4j.jsonrpc.json.StreamMessageProducer.handleMessage(StreamMessageProducer.java:194)
	at org.eclipse.lsp4j.jsonrpc.json.StreamMessageProducer.listen(StreamMessageProducer.java:94)
	at org.eclipse.lsp4j.jsonrpc.json.ConcurrentMessageProcessor.run(ConcurrentMessageProcessor.java:113)
	at java.base/java.util.concurrent.Executors$RunnableAdapter.call(Executors.java:539)
	at java.base/java.util.concurrent.FutureTask.run(FutureTask.java:264)
	at java.base/java.util.concurrent.ThreadPoolExecutor.runWorker(ThreadPoolExecutor.java:1136)
	at java.base/java.util.concurrent.ThreadPoolExecutor$Worker.run(ThreadPoolExecutor.java:635)
	at java.base/java.lang.Thread.run(Thread.java:833)
Caused by: java.lang.reflect.InvocationTargetException
	at java.base/jdk.internal.reflect.NativeMethodAccessorImpl.invoke0(Native Method)
	at java.base/jdk.internal.reflect.NativeMethodAccessorImpl.invoke(NativeMethodAccessorImpl.java:77)
	at java.base/jdk.internal.reflect.DelegatingMethodAccessorImpl.invoke(DelegatingMethodAccessorImpl.java:43)
	at java.base/java.lang.reflect.Method.invoke(Method.java:568)
	at org.eclipse.lsp4j.jsonrpc.services.GenericEndpoint.lambda$null$0(GenericEndpoint.java:65)
	... 11 more
Caused by: java.nio.file.NoSuchFileException: c:\vs code\Scala\src\main\scala\lab0\Lists.scala
	at java.base/sun.nio.fs.WindowsException.translateToIOException(WindowsException.java:85)
	at java.base/sun.nio.fs.WindowsException.rethrowAsIOException(WindowsException.java:103)
	at java.base/sun.nio.fs.WindowsException.rethrowAsIOException(WindowsException.java:108)
	at java.base/sun.nio.fs.WindowsFileSystemProvider.newByteChannel(WindowsFileSystemProvider.java:236)
	at java.base/java.nio.file.Files.newByteChannel(Files.java:380)
	at java.base/java.nio.file.Files.newByteChannel(Files.java:432)
	at java.base/java.nio.file.Files.readAllBytes(Files.java:3288)
	at scala.meta.internal.io.PlatformFileIO$.slurp(PlatformFileIO.scala:45)
	at scala.meta.internal.io.FileIO$.slurp(FileIO.scala:24)
	at scala.meta.internal.metals.MetalsLspService.didOpen(MetalsLspService.scala:986)
	at scala.meta.internal.metals.WorkspaceLspService.didOpen(WorkspaceLspService.scala:320)
	at scala.meta.metals.lsp.DelegatingScalaService.didOpen(DelegatingScalaService.scala:39)
	... 16 more

Sep 19, 2023 1:01:14 PM org.eclipse.lsp4j.jsonrpc.RemoteEndpoint handleNotification
WARNING: Notification threw an exception: {
  "jsonrpc": "2.0",
  "method": "textDocument/didOpen",
  "params": {
    "textDocument": {
      "uri": "file:///c%3A/vs%20code/Scala/src/main/scala/lab1/Recursion.scala",
      "languageId": "scala",
      "version": 1,
      "text": "\nimport scala.annotation.tailrec\n\nobject Recursion:\n\n  def main(args: Array[String]): Unit \u003d\n    println(\"Pascal\u0027s Triangle\")\n    for row \u003c- 0 to 10 do\n      for col \u003c- 0 to row do\n        print(s\"${pascal(col, row)} \")\n      println()\n\n  /**\n   * Exercise 1\n   */\n  def pascal(c: Int, r: Int): Int \u003d ???\n\n  /**\n   * Exercise 2\n   */\n  def balance(chars: List[Char]): Boolean \u003d ???\n\n  /**\n   * Exercise 3\n   */\n  def countChange(money: Int, coins: List[Int]): Int \u003d ???\n"
    }
  }
}
java.lang.RuntimeException: java.lang.reflect.InvocationTargetException
	at org.eclipse.lsp4j.jsonrpc.services.GenericEndpoint.lambda$null$0(GenericEndpoint.java:67)
	at org.eclipse.lsp4j.jsonrpc.services.GenericEndpoint.notify(GenericEndpoint.java:152)
	at org.eclipse.lsp4j.jsonrpc.RemoteEndpoint.handleNotification(RemoteEndpoint.java:220)
	at org.eclipse.lsp4j.jsonrpc.RemoteEndpoint.consume(RemoteEndpoint.java:187)
	at org.eclipse.lsp4j.jsonrpc.json.StreamMessageProducer.handleMessage(StreamMessageProducer.java:194)
	at org.eclipse.lsp4j.jsonrpc.json.StreamMessageProducer.listen(StreamMessageProducer.java:94)
	at org.eclipse.lsp4j.jsonrpc.json.ConcurrentMessageProcessor.run(ConcurrentMessageProcessor.java:113)
	at java.base/java.util.concurrent.Executors$RunnableAdapter.call(Executors.java:539)
	at java.base/java.util.concurrent.FutureTask.run(FutureTask.java:264)
	at java.base/java.util.concurrent.ThreadPoolExecutor.runWorker(ThreadPoolExecutor.java:1136)
	at java.base/java.util.concurrent.ThreadPoolExecutor$Worker.run(ThreadPoolExecutor.java:635)
	at java.base/java.lang.Thread.run(Thread.java:833)
Caused by: java.lang.reflect.InvocationTargetException
	at java.base/jdk.internal.reflect.NativeMethodAccessorImpl.invoke0(Native Method)
	at java.base/jdk.internal.reflect.NativeMethodAccessorImpl.invoke(NativeMethodAccessorImpl.java:77)
	at java.base/jdk.internal.reflect.DelegatingMethodAccessorImpl.invoke(DelegatingMethodAccessorImpl.java:43)
	at java.base/java.lang.reflect.Method.invoke(Method.java:568)
	at org.eclipse.lsp4j.jsonrpc.services.GenericEndpoint.lambda$null$0(GenericEndpoint.java:65)
	... 11 more
Caused by: java.nio.file.NoSuchFileException: c:\vs code\Scala\src\main\scala\lab1\Recursion.scala
	at java.base/sun.nio.fs.WindowsException.translateToIOException(WindowsException.java:85)
	at java.base/sun.nio.fs.WindowsException.rethrowAsIOException(WindowsException.java:103)
	at java.base/sun.nio.fs.WindowsException.rethrowAsIOException(WindowsException.java:108)
	at java.base/sun.nio.fs.WindowsFileSystemProvider.newByteChannel(WindowsFileSystemProvider.java:236)
	at java.base/java.nio.file.Files.newByteChannel(Files.java:380)
	at java.base/java.nio.file.Files.newByteChannel(Files.java:432)
	at java.base/java.nio.file.Files.readAllBytes(Files.java:3288)
	at scala.meta.internal.io.PlatformFileIO$.slurp(PlatformFileIO.scala:45)
	at scala.meta.internal.io.FileIO$.slurp(FileIO.scala:24)
	at scala.meta.internal.metals.MetalsLspService.didOpen(MetalsLspService.scala:986)
	at scala.meta.internal.metals.WorkspaceLspService.didOpen(WorkspaceLspService.scala:320)
	at scala.meta.metals.lsp.DelegatingScalaService.didOpen(DelegatingScalaService.scala:39)
	... 16 more

Sep 19, 2023 1:01:14 PM org.eclipse.lsp4j.jsonrpc.RemoteEndpoint handleNotification
WARNING: Notification threw an exception: {
  "jsonrpc": "2.0",
  "method": "textDocument/didOpen",
  "params": {
    "textDocument": {
      "uri": "file:///c%3A/vs%20code/Scala/src/test/scala/lab1/RecursionSuite.scala",
      "languageId": "scala",
      "version": 1,
      "text": "\nclass RecursionSuite extends munit.FunSuite:\n  import Recursion.*\n\n  // ------ balance tests -----------------------------------------------------\n\n  test(\"balance: \u0027(if (zero? x) max (/ 1 x))\u0027 is balanced\") {\n    assert(balance(\"(if (zero? x) max (/ 1 x))\".toList))\n  }\n\n  test(\"balance: \u0027I told him ...\u0027 is balanced\") {\n    assert(balance(\"I told him (that it\u0027s not (yet) done).\\n(But he wasn\u0027t listening)\".toList))\n  }\n\n  test(\"balance: \u0027:-)\u0027 is unbalanced\") {\n    assert(!balance(\":-)\".toList))\n  }\n\n  test(\"balance: counting is not enough\") {\n    assert(!balance(\"())(\".toList))\n  }\n\n  // ------ countChange tests -------------------------------------------------\n\n  test(\"countChange: example given in the guide\") {\n    assertEquals(countChange(4,List(1,2)), 3)\n  }\n\n  test(\"countChange: sorted HKD\") {\n    assertEquals(countChange(300,List(5,10,20,50,100,200,500)), 1022)\n  }\n\n  test(\"countChange: no pennies\") {\n    assertEquals(countChange(301,List(5,10,20,50,100,200,500)), 0)\n  }\n\n  test(\"countChange: unsorted HKD\") {\n    assertEquals(countChange(300,List(500,5,50,100,20,200,10)), 1022)\n  }\n\n  // ------ pascal tests ------------------------------------------------------\n\n  test(\"pascal: col\u003d0,row\u003d2\") {\n    assertEquals(pascal(0, 2), 1)\n  }\n\n  test(\"pascal: col\u003d1,row\u003d2\") {\n    assertEquals(pascal(1, 2), 2)\n  }\n\n  test(\"pascal: col\u003d1,row\u003d3\") {\n    assertEquals(pascal(1, 3), 3)\n  }\n\n  test(\"pascal: col\u003d3,row\u003d8\") {\n    assertEquals(pascal(3, 8), 56)\n  }\n\n  import scala.concurrent.duration.*\n  override val munitTimeout \u003d 10.seconds\n"
    }
  }
}
java.lang.RuntimeException: java.lang.reflect.InvocationTargetException
	at org.eclipse.lsp4j.jsonrpc.services.GenericEndpoint.lambda$null$0(GenericEndpoint.java:67)
	at org.eclipse.lsp4j.jsonrpc.services.GenericEndpoint.notify(GenericEndpoint.java:152)
	at org.eclipse.lsp4j.jsonrpc.RemoteEndpoint.handleNotification(RemoteEndpoint.java:220)
	at org.eclipse.lsp4j.jsonrpc.RemoteEndpoint.consume(RemoteEndpoint.java:187)
	at org.eclipse.lsp4j.jsonrpc.json.StreamMessageProducer.handleMessage(StreamMessageProducer.java:194)
	at org.eclipse.lsp4j.jsonrpc.json.StreamMessageProducer.listen(StreamMessageProducer.java:94)
	at org.eclipse.lsp4j.jsonrpc.json.ConcurrentMessageProcessor.run(ConcurrentMessageProcessor.java:113)
	at java.base/java.util.concurrent.Executors$RunnableAdapter.call(Executors.java:539)
	at java.base/java.util.concurrent.FutureTask.run(FutureTask.java:264)
	at java.base/java.util.concurrent.ThreadPoolExecutor.runWorker(ThreadPoolExecutor.java:1136)
	at java.base/java.util.concurrent.ThreadPoolExecutor$Worker.run(ThreadPoolExecutor.java:635)
	at java.base/java.lang.Thread.run(Thread.java:833)
Caused by: java.lang.reflect.InvocationTargetException
	at java.base/jdk.internal.reflect.NativeMethodAccessorImpl.invoke0(Native Method)
	at java.base/jdk.internal.reflect.NativeMethodAccessorImpl.invoke(NativeMethodAccessorImpl.java:77)
	at java.base/jdk.internal.reflect.DelegatingMethodAccessorImpl.invoke(DelegatingMethodAccessorImpl.java:43)
	at java.base/java.lang.reflect.Method.invoke(Method.java:568)
	at org.eclipse.lsp4j.jsonrpc.services.GenericEndpoint.lambda$null$0(GenericEndpoint.java:65)
	... 11 more
Caused by: java.nio.file.NoSuchFileException: c:\vs code\Scala\src\test\scala\lab1\RecursionSuite.scala
	at java.base/sun.nio.fs.WindowsException.translateToIOException(WindowsException.java:85)
	at java.base/sun.nio.fs.WindowsException.rethrowAsIOException(WindowsException.java:103)
	at java.base/sun.nio.fs.WindowsException.rethrowAsIOException(WindowsException.java:108)
	at java.base/sun.nio.fs.WindowsFileSystemProvider.newByteChannel(WindowsFileSystemProvider.java:236)
	at java.base/java.nio.file.Files.newByteChannel(Files.java:380)
	at java.base/java.nio.file.Files.newByteChannel(Files.java:432)
	at java.base/java.nio.file.Files.readAllBytes(Files.java:3288)
	at scala.meta.internal.io.PlatformFileIO$.slurp(PlatformFileIO.scala:45)
	at scala.meta.internal.io.FileIO$.slurp(FileIO.scala:24)
	at scala.meta.internal.metals.MetalsLspService.didOpen(MetalsLspService.scala:986)
	at scala.meta.internal.metals.WorkspaceLspService.didOpen(WorkspaceLspService.scala:320)
	at scala.meta.metals.lsp.DelegatingScalaService.didOpen(DelegatingScalaService.scala:39)
	... 16 more

Sep 19, 2023 1:01:18 PM org.eclipse.lsp4j.jsonrpc.RemoteEndpoint fallbackResponseError
SEVERE: Internal error: java.util.NoSuchElementException: BatchedFunction
java.util.concurrent.CompletionException: java.util.NoSuchElementException: BatchedFunction
	at java.base/java.util.concurrent.CompletableFuture.encodeThrowable(CompletableFuture.java:332)
	at java.base/java.util.concurrent.CompletableFuture.completeThrowable(CompletableFuture.java:347)
	at java.base/java.util.concurrent.CompletableFuture$UniAccept.tryFire(CompletableFuture.java:708)
	at java.base/java.util.concurrent.CompletableFuture.postComplete(CompletableFuture.java:510)
	at java.base/java.util.concurrent.CompletableFuture.completeExceptionally(CompletableFuture.java:2162)
	at scala.meta.internal.metals.CancelTokens$.$anonfun$future$1(CancelTokens.scala:40)
	at scala.meta.internal.metals.CancelTokens$.$anonfun$future$1$adapted(CancelTokens.scala:38)
	at scala.concurrent.impl.Promise$Transformation.run(Promise.scala:484)
	at java.base/java.util.concurrent.ThreadPoolExecutor.runWorker(ThreadPoolExecutor.java:1136)
	at java.base/java.util.concurrent.ThreadPoolExecutor$Worker.run(ThreadPoolExecutor.java:635)
	at java.base/java.lang.Thread.run(Thread.java:833)
Caused by: java.util.NoSuchElementException: BatchedFunction
	at scala.meta.internal.metals.BatchedFunction.<init>(BatchedFunction.scala:88)
	at scala.meta.internal.metals.MetalsLspService.<init>(MetalsLspService.scala:260)
	at scala.meta.internal.metals.WorkspaceLspService.createService(WorkspaceLspService.scala:174)
	at scala.meta.internal.metals.WorkspaceLspService.$anonfun$workspaceFolders$1(WorkspaceLspService.scala:181)
	at scala.collection.immutable.List.map(List.scala:246)
	at scala.meta.internal.metals.WorkspaceFolders.<init>(WorkspaceFolders.scala:20)
	at scala.meta.internal.metals.WorkspaceLspService.<init>(WorkspaceLspService.scala:179)
	at scala.meta.metals.MetalsLanguageServer.createService(MetalsLanguageServer.scala:210)
	at scala.meta.metals.MetalsLanguageServer.initialize(MetalsLanguageServer.scala:162)
	at java.base/jdk.internal.reflect.NativeMethodAccessorImpl.invoke0(Native Method)
	at java.base/jdk.internal.reflect.NativeMethodAccessorImpl.invoke(NativeMethodAccessorImpl.java:77)
	at java.base/jdk.internal.reflect.DelegatingMethodAccessorImpl.invoke(DelegatingMethodAccessorImpl.java:43)
	at java.base/java.lang.reflect.Method.invoke(Method.java:568)
	at org.eclipse.lsp4j.jsonrpc.services.GenericEndpoint.lambda$null$0(GenericEndpoint.java:65)
	at org.eclipse.lsp4j.jsonrpc.services.GenericEndpoint.request(GenericEndpoint.java:120)
	at org.eclipse.lsp4j.jsonrpc.RemoteEndpoint.handleRequest(RemoteEndpoint.java:261)
	at org.eclipse.lsp4j.jsonrpc.RemoteEndpoint.consume(RemoteEndpoint.java:190)
	at org.eclipse.lsp4j.jsonrpc.json.StreamMessageProducer.handleMessage(StreamMessageProducer.java:194)
	at org.eclipse.lsp4j.jsonrpc.json.StreamMessageProducer.listen(StreamMessageProducer.java:94)
	at org.eclipse.lsp4j.jsonrpc.json.ConcurrentMessageProcessor.run(ConcurrentMessageProcessor.java:113)
	at java.base/java.util.concurrent.Executors$RunnableAdapter.call(Executors.java:539)
	at java.base/java.util.concurrent.FutureTask.run(FutureTask.java:264)
	... 3 more

2023.09.19 13:01:18 ERROR text document: file:///c:/vs%20code/Scala/src/test/scala/lab0/ListsSuite.scala
java.nio.file.NoSuchFileException: c:\vs code\Scala\src\test\scala\lab0\ListsSuite.scala
	at sun.nio.fs.WindowsException.translateToIOException(WindowsException.java:85)
	at sun.nio.fs.WindowsException.rethrowAsIOException(WindowsException.java:103)
	at sun.nio.fs.WindowsException.rethrowAsIOException(WindowsException.java:108)
	at sun.nio.fs.WindowsFileSystemProvider.newByteChannel(WindowsFileSystemProvider.java:236)
	at java.nio.file.Files.newByteChannel(Files.java:380)
	at java.nio.file.Files.newByteChannel(Files.java:432)
	at java.nio.file.Files.readAllBytes(Files.java:3288)
	at scala.meta.internal.io.PlatformFileIO$.slurp(PlatformFileIO.scala:45)
	at scala.meta.internal.io.FileIO$.slurp(FileIO.scala:24)
	at scala.meta.internal.metals.InteractiveSemanticdbs.$anonfun$textDocument$2(InteractiveSemanticdbs.scala:90)
	at scala.Option.getOrElse(Option.scala:201)
	at scala.meta.internal.metals.InteractiveSemanticdbs.$anonfun$textDocument$1(InteractiveSemanticdbs.scala:90)
	at java.util.HashMap.compute(HashMap.java:1316)
	at java.util.Collections$SynchronizedMap.compute(Collections.java:2770)
	at scala.meta.internal.metals.InteractiveSemanticdbs.textDocument(InteractiveSemanticdbs.scala:89)
	at scala.meta.internal.metals.InteractiveSemanticdbs.textDocument(InteractiveSemanticdbs.scala:63)
	at scala.meta.internal.metals.AggregateSemanticdbs.loop$1(AggregateSemanticdbs.scala:30)
	at scala.meta.internal.metals.AggregateSemanticdbs.textDocument(AggregateSemanticdbs.scala:36)
	at scala.meta.internal.metals.CodeLensProvider.findLenses(CodeLensProvider.scala:22)
	at scala.meta.internal.metals.MetalsLspService.$anonfun$codeLens$2(MetalsLspService.scala:1574)
	at scala.meta.internal.metals.TimerProvider.timedThunk(TimerProvider.scala:25)
	at scala.meta.internal.metals.MetalsLspService.$anonfun$codeLens$1(MetalsLspService.scala:1572)
	at scala.meta.internal.metals.CancelTokens$.$anonfun$apply$2(CancelTokens.scala:26)
	at scala.concurrent.Future$.$anonfun$apply$1(Future.scala:687)
	at scala.concurrent.impl.Promise$Transformation.run(Promise.scala:467)
	at java.util.concurrent.ThreadPoolExecutor.runWorker(ThreadPoolExecutor.java:1136)
	at java.util.concurrent.ThreadPoolExecutor$Worker.run(ThreadPoolExecutor.java:635)
	at java.lang.Thread.run(Thread.java:833)

2023.09.19 13:01:18 INFO  Attempting to connect to the build server...
2023.09.19 13:01:18 INFO  Bloop uses C:\Program Files\Java\jdk-17 defined at C:\Users\miruh\.bloop\bloop.json
2023.09.19 13:01:18 INFO  tracing is disabled for protocol BSP, to enable tracing of incoming and outgoing JSON messages create an empty file at C:\vs code\Scala\.metals\bsp.trace.json or C:\Users\miruh\AppData\Local\scalameta\metals\cache\bsp.trace.json
2023.09.19 13:01:18 INFO  time: Connected to build server in 0.56s
2023.09.19 13:01:18 INFO  Connected to Build server: Bloop v1.5.8
2023.09.19 13:01:19 INFO  time: Imported build in 0.13s
2023.09.19 13:01:26 INFO  time: indexed workspace in 7.04s
2023.09.19 13:01:26 WARN  no build target for: C:\vs code\Scala\lab 1\src\main\scala\lab1\Recursion.scala
2023.09.19 13:01:30 INFO  no build target found for C:\vs code\Scala\lab 1\src\main\scala\lab1\Recursion.scala. Using presentation compiler with project's scala-library version: 3.1.3
2023.09.19 13:01:31 WARN  no build target for: C:\vs code\Scala\lab 1\src\main\scala\lab1\Recursion.scala
2023.09.19 13:01:36 INFO  time: code lens generation in 5.25s
2023.09.19 13:01:36 INFO  time: code lens generation in 5.23s
2023.09.24 00:21:55 INFO  Bloop uses C:\Program Files\Java\jdk-17 defined at C:\Users\miruh\.bloop\bloop.json
2023.09.24 00:21:55 INFO  Shutting down server
2023.09.24 00:21:55 INFO  shutting down Metals
2023.09.24 00:21:55 INFO  tracing is disabled for protocol BSP, to enable tracing of incoming and outgoing JSON messages create an empty file at C:\vs code\Scala\.metals\bsp.trace.json or C:\Users\miruh\AppData\Local\scalameta\metals\cache\bsp.trace.json
2023.09.24 00:21:55 INFO  Connected to Build server: Bloop v1.5.8
2023.09.24 00:21:55 INFO  Shut down connection with build server.
Sep 24, 2023 12:21:55 AM org.eclipse.lsp4j.jsonrpc.RemoteEndpoint notify
INFO: Failed to send notification message.
org.eclipse.lsp4j.jsonrpc.JsonRpcException: java.nio.channels.ClosedChannelException
	at org.eclipse.lsp4j.jsonrpc.json.StreamMessageConsumer.consume(StreamMessageConsumer.java:72)
	at scala.meta.internal.metals.RequestMonitorImpl$$anon$1.consume(ServerLivenessMonitor.scala:44)
	at org.eclipse.lsp4j.jsonrpc.RemoteEndpoint.notify(RemoteEndpoint.java:126)
	at org.eclipse.lsp4j.jsonrpc.RemoteEndpoint.sendCancelNotification(RemoteEndpoint.java:180)
	at org.eclipse.lsp4j.jsonrpc.RemoteEndpoint$1.cancel(RemoteEndpoint.java:150)
	at scala.meta.internal.metals.BuildServerConnection.$anonfun$register$2(BuildServerConnection.scala:349)
	at scala.runtime.java8.JFunction0$mcZ$sp.apply(JFunction0$mcZ$sp.scala:17)
	at scala.util.Try$.apply(Try.scala:210)
	at scala.meta.internal.metals.BuildServerConnection.$anonfun$register$1(BuildServerConnection.scala:349)
	at scala.meta.internal.metals.Cancelable$$anon$1.cancel(Cancelable.scala:18)
	at scala.meta.internal.metals.Cancelable$.$anonfun$cancelAll$1(Cancelable.scala:29)
	at scala.collection.immutable.List.foreach(List.scala:333)
	at scala.meta.internal.metals.Cancelable$.cancelAll(Cancelable.scala:28)
	at scala.meta.internal.metals.MutableCancelable.cancel(MutableCancelable.scala:25)
	at scala.meta.internal.metals.BuildServerConnection.cancel(BuildServerConnection.scala:285)
	at scala.meta.internal.metals.BuildServerConnection.$anonfun$shutdown$1(BuildServerConnection.scala:122)
	at scala.meta.internal.metals.BuildServerConnection.$anonfun$shutdown$1$adapted(BuildServerConnection.scala:114)
	at scala.concurrent.impl.Promise$Transformation.run(Promise.scala:467)
	at java.base/java.util.concurrent.ThreadPoolExecutor.runWorker(ThreadPoolExecutor.java:1136)
	at java.base/java.util.concurrent.ThreadPoolExecutor$Worker.run(ThreadPoolExecutor.java:635)
	at java.base/java.lang.Thread.run(Thread.java:833)
Caused by: java.nio.channels.ClosedChannelException
	at java.base/sun.nio.ch.SocketChannelImpl.ensureOpenAndConnected(SocketChannelImpl.java:215)
	at java.base/sun.nio.ch.SocketChannelImpl.write(SocketChannelImpl.java:527)
	at java.base/sun.nio.ch.SinkChannelImpl.write(SinkChannelImpl.java:123)
	at java.base/java.nio.channels.Channels.writeFullyImpl(Channels.java:74)
	at java.base/java.nio.channels.Channels.writeFully(Channels.java:93)
	at java.base/java.nio.channels.Channels$1.write(Channels.java:171)
	at java.base/java.io.OutputStream.write(OutputStream.java:127)
	at java.base/java.nio.channels.Channels$1.write(Channels.java:151)
	at scala.meta.internal.metals.ClosableOutputStream.write(ClosableOutputStream.scala:26)
	at java.base/java.io.FilterOutputStream.write(FilterOutputStream.java:137)
	at java.base/java.io.FilterOutputStream.write(FilterOutputStream.java:108)
	at org.eclipse.lsp4j.jsonrpc.json.StreamMessageConsumer.consume(StreamMessageConsumer.java:67)
	... 20 more

2023.09.24 00:21:55 INFO  Failed to run request with params WorkspaceBuildTargetsResult
2023.09.24 00:21:55 INFO  Cancelling compilation on Bloop server
2023.09.24 00:21:55 INFO  Exiting server
2023.09.24 16:54:19 INFO  Started: Metals version 1.0.1 in folders 'C:\vs code\Scala' for client Visual Studio Code 1.82.2.
Sep 24, 2023 4:54:19 PM org.flywaydb.core.internal.license.VersionPrinter printVersionOnly
INFO: Flyway Community Edition 9.21.2 by Redgate
Sep 24, 2023 4:54:19 PM org.flywaydb.core.internal.license.VersionPrinter printVersion
INFO: See release notes here: https://rd.gt/416ObMi
Sep 24, 2023 4:54:19 PM org.flywaydb.core.internal.license.VersionPrinter printVersion
INFO: 
Sep 24, 2023 4:54:19 PM org.flywaydb.core.FlywayExecutor execute
INFO: Database: jdbc:h2:file:C:\vs code\Scala\.metals\metals (H2 2.1)
Sep 24, 2023 4:54:19 PM org.flywaydb.core.internal.command.DbValidate validate
INFO: Successfully validated 4 migrations (execution time 00:00.022s)
Sep 24, 2023 4:54:19 PM org.flywaydb.core.internal.command.DbMigrate migrateGroup
INFO: Current version of schema "PUBLIC": 4
Sep 24, 2023 4:54:19 PM org.flywaydb.core.internal.command.DbMigrate logSummary
INFO: Schema "PUBLIC" is up to date. No migration necessary.
2023.09.24 16:54:19 INFO  time: initialize in 0.59s
2023.09.24 16:54:21 INFO  Attempting to connect to the build server...
2023.09.24 16:54:21 INFO  Bloop uses C:\Program Files\Java\jdk-17 defined at C:\Users\miruh\.bloop\bloop.json
2023.09.24 16:54:21 INFO  tracing is disabled for protocol BSP, to enable tracing of incoming and outgoing JSON messages create an empty file at C:\vs code\Scala\.metals\bsp.trace.json or C:\Users\miruh\AppData\Local\scalameta\metals\cache\bsp.trace.json
2023.09.24 16:54:21 INFO  time: Connected to build server in 0.47s
2023.09.24 16:54:21 INFO  Connected to Build server: Bloop v1.5.8
2023.09.24 16:54:26 INFO  no build target found for C:\vs code\Scala\lab 1\src\main\scala\lab1\Recursion.scala. Using presentation compiler with project's scala-library version: 3.3.0
2023.09.24 16:54:26 INFO  time: code lens generation in 4.84s
2023.09.24 16:54:26 INFO  time: Imported build in 0.1s
2023.09.24 16:54:28 INFO  no build target found for C:\vs code\Scala\lab 1\src\main\scala\lab1\Recursion.scala. Using presentation compiler with project's scala-library version: 3.3.0
2023.09.24 16:54:29 INFO  time: code lens generation in 4.34s
2023.09.24 16:54:29 INFO  time: code lens generation in 7.94s
2023.09.24 16:54:31 INFO  time: indexed workspace in 4.71s
2023.09.24 16:54:31 WARN  no build target for: C:\vs code\Scala\lab 1\src\main\scala\lab1\Recursion.scala
2023.09.24 16:54:31 INFO  no build target found for C:\vs code\Scala\lab 1\src\main\scala\lab1\Recursion.scala. Using presentation compiler with project's scala-library version: 3.1.3
2023.09.24 16:54:32 WARN  no build target for: C:\vs code\Scala\lab 1\src\main\scala\lab1\Recursion.scala
2023.09.24 16:54:34 INFO  time: code lens generation in 1.98s
